# JRE version: OpenJDK Runtime Environment (21.0.6) (build 21.0.6+-13391695-b895.109)
# Java VM: OpenJDK 64-Bit Server VM (21.0.6+-13391695-b895.109, mixed mode, tiered, compressed oops, compressed class ptrs, g1 gc, linux-amd64)
GC Precious Log:
 CardTable entry size: 512
 Card Set container configuration: InlinePtr #cards 5 size 8 Array Of Cards #cards 12 size 40 Howl #buckets 4 coarsen threshold 1843 Howl Bitmap #cards 512 size 80 coarsen threshold 460 Card regions per heap region 1 cards per card region 2048
 CPUs: 8 total, 4 available
 Memory: 7909M
 Large Page Support: Disabled
 NUMA Support: Disabled
 Compressed Oops: Enabled (32-bit)
 Heap Region Size: 1M
 Heap Min Capacity: 8M
 Heap Initial Capacity: 124M
 Heap Max Capacity: 1536M
 Pre-touch: Disabled
 Parallel Workers: 4
 Concurrent Workers: 1
 Concurrent Refinement Workers: 4
 Periodic GC: Disabled
Heap:
 garbage-first heap   total 79872K, used 26722K [0x00000000a0000000, 0x0000000100000000)
  region size 1024K, 5 young (5120K), 3 survivors (3072K)
 Metaspace       used 35644K, committed 36544K, reserved 1114112K
  class space    used 4817K, committed 5248K, reserved 1048576K
GC Heap History (14 events):
Event: 0,443 GC heap before
{Heap before GC invocations=0 (full 0):
 garbage-first heap   total 126976K, used 12288K [0x00000000a0000000, 0x0000000100000000)
  region size 1024K, 13 young (13312K), 0 survivors (0K)
 Metaspace       used 7294K, committed 7424K, reserved 1114112K
  class space    used 662K, committed 704K, reserved 1048576K
}
Event: 0,447 GC heap after
{Heap after GC invocations=1 (full 0):
 garbage-first heap   total 126976K, used 1152K [0x00000000a0000000, 0x0000000100000000)
  region size 1024K, 2 young (2048K), 2 survivors (2048K)
 Metaspace       used 7294K, committed 7424K, reserved 1114112K
  class space    used 662K, committed 704K, reserved 1048576K
}
Event: 1,347 GC heap before
{Heap before GC invocations=1 (full 0):
 garbage-first heap   total 126976K, used 28800K [0x00000000a0000000, 0x0000000100000000)
  region size 1024K, 27 young (27648K), 2 survivors (2048K)
 Metaspace       used 11893K, committed 12032K, reserved 1114112K
  class space    used 1267K, committed 1344K, reserved 1048576K
}
Event: 1,363 GC heap after
{Heap after GC invocations=2 (full 0):
 garbage-first heap   total 126976K, used 10449K [0x00000000a0000000, 0x0000000100000000)
  region size 1024K, 4 young (4096K), 4 survivors (4096K)
 Metaspace       used 11893K, committed 12032K, reserved 1114112K
  class space    used 1267K, committed 1344K, reserved 1048576K
}
Event: 2,718 GC heap before
{Heap before GC invocations=2 (full 0):
 garbage-first heap   total 126976K, used 77009K [0x00000000a0000000, 0x0000000100000000)
  region size 1024K, 69 young (70656K), 4 survivors (4096K)
 Metaspace       used 21190K, committed 21504K, reserved 1114112K
  class space    used 2454K, committed 2624K, reserved 1048576K
}
Event: 2,739 GC heap after
{Heap after GC invocations=3 (full 0):
 garbage-first heap   total 126976K, used 19073K [0x00000000a0000000, 0x0000000100000000)
  region size 1024K, 10 young (10240K), 10 survivors (10240K)
 Metaspace       used 21190K, committed 21504K, reserved 1114112K
  class space    used 2454K, committed 2624K, reserved 1048576K
}
Event: 3,449 GC heap before
{Heap before GC invocations=4 (full 0):
 garbage-first heap   total 65536K, used 45697K [0x00000000a0000000, 0x0000000100000000)
  region size 1024K, 36 young (36864K), 10 survivors (10240K)
 Metaspace       used 25975K, committed 26432K, reserved 1114112K
  class space    used 3188K, committed 3392K, reserved 1048576K
}
Event: 3,473 GC heap after
{Heap after GC invocations=5 (full 0):
 garbage-first heap   total 65536K, used 21098K [0x00000000a0000000, 0x0000000100000000)
  region size 1024K, 2 young (2048K), 2 survivors (2048K)
 Metaspace       used 25975K, committed 26432K, reserved 1114112K
  class space    used 3188K, committed 3392K, reserved 1048576K
}
Event: 4,108 GC heap before
{Heap before GC invocations=5 (full 0):
 garbage-first heap   total 65536K, used 47722K [0x00000000a0000000, 0x0000000100000000)
  region size 1024K, 29 young (29696K), 2 survivors (2048K)
 Metaspace       used 29616K, committed 30272K, reserved 1114112K
  class space    used 3840K, committed 4160K, reserved 1048576K
}
Event: 4,126 GC heap after
{Heap after GC invocations=6 (full 0):
 garbage-first heap   total 65536K, used 23191K [0x00000000a0000000, 0x0000000100000000)
  region size 1024K, 4 young (4096K), 4 survivors (4096K)
 Metaspace       used 29616K, committed 30272K, reserved 1114112K
  class space    used 3840K, committed 4160K, reserved 1048576K
}
Event: 4,729 GC heap before
{Heap before GC invocations=6 (full 0):
 garbage-first heap   total 65536K, used 49815K [0x00000000a0000000, 0x0000000100000000)
  region size 1024K, 31 young (31744K), 4 survivors (4096K)
 Metaspace       used 33328K, committed 34176K, reserved 1114112K
  class space    used 4462K, committed 4864K, reserved 1048576K
}
Event: 4,743 GC heap after
{Heap after GC invocations=7 (full 0):
 garbage-first heap   total 65536K, used 25328K [0x00000000a0000000, 0x0000000100000000)
  region size 1024K, 4 young (4096K), 4 survivors (4096K)
 Metaspace       used 33328K, committed 34176K, reserved 1114112K
  class space    used 4462K, committed 4864K, reserved 1048576K
}
Event: 5,015 GC heap before
{Heap before GC invocations=7 (full 0):
 garbage-first heap   total 65536K, used 37616K [0x00000000a0000000, 0x0000000100000000)
  region size 1024K, 18 young (18432K), 4 survivors (4096K)
 Metaspace       used 35372K, committed 36160K, reserved 1114112K
  class space    used 4779K, committed 5184K, reserved 1048576K
}
Event: 5,024 GC heap after
{Heap after GC invocations=8 (full 0):
 garbage-first heap   total 79872K, used 25698K [0x00000000a0000000, 0x0000000100000000)
  region size 1024K, 3 young (3072K), 3 survivors (3072K)
 Metaspace       used 35372K, committed 36160K, reserved 1114112K
  class space    used 4779K, committed 5184K, reserved 1048576K
}

